proguard/seeds.txt
com.yuning.lovercommon.R$anim
com.yuning.lovercommon.R$anim: int ai_talk_voice_line_list
com.yuning.lovercommon.R$anim: int music_card_anim
com.yuning.lovercommon.R$array
com.yuning.lovercommon.R$array: int asr_orders_array
com.yuning.lovercommon.R$attr
com.yuning.lovercommon.R$attr: int childSize
com.yuning.lovercommon.R$attr: int fromDegrees
com.yuning.lovercommon.R$attr: int progressDrawable
com.yuning.lovercommon.R$attr: int thumb
com.yuning.lovercommon.R$attr: int toDegrees
com.yuning.lovercommon.R$color
com.yuning.lovercommon.R$color: int ai_talk_stop_text_color_normal
com.yuning.lovercommon.R$color: int black
com.yuning.lovercommon.R$color: int blue
com.yuning.lovercommon.R$color: int class_mode_text
com.yuning.lovercommon.R$color: int content_color
com.yuning.lovercommon.R$color: int custom_draw_mode_text_color
com.yuning.lovercommon.R$color: int dance_help_color
com.yuning.lovercommon.R$color: int dark_grey
com.yuning.lovercommon.R$color: int deep_pink
com.yuning.lovercommon.R$color: int fw_update_btn_color
com.yuning.lovercommon.R$color: int fw_update_help_color
com.yuning.lovercommon.R$color: int gray
com.yuning.lovercommon.R$color: int grey
com.yuning.lovercommon.R$color: int item_text_color
com.yuning.lovercommon.R$color: int list_backgroud_color
com.yuning.lovercommon.R$color: int password_disable
com.yuning.lovercommon.R$color: int password_enalbe
com.yuning.lovercommon.R$color: int pink
com.yuning.lovercommon.R$color: int pink_tips
com.yuning.lovercommon.R$color: int set_mode_item_text_color
com.yuning.lovercommon.R$color: int shopping_text
com.yuning.lovercommon.R$color: int title_color
com.yuning.lovercommon.R$color: int trans
com.yuning.lovercommon.R$color: int trans_dark_grey
com.yuning.lovercommon.R$color: int trans_white
com.yuning.lovercommon.R$color: int video_mode_list_item_color
com.yuning.lovercommon.R$color: int voice_ctr_help_color
com.yuning.lovercommon.R$color: int white
com.yuning.lovercommon.R$dimen
com.yuning.lovercommon.R$dimen: int activity_horizontal_margin
com.yuning.lovercommon.R$dimen: int activity_vertical_margin
com.yuning.lovercommon.R$dimen: int ai_talk_text_margin
com.yuning.lovercommon.R$dimen: int arc_menu_child_size
com.yuning.lovercommon.R$dimen: int battery_mode_item_text_size
com.yuning.lovercommon.R$dimen: int big_cell_height
com.yuning.lovercommon.R$dimen: int big_cell_width
com.yuning.lovercommon.R$dimen: int custom_draw_mode_text_size
com.yuning.lovercommon.R$dimen: int dance_mode_help_text_size
com.yuning.lovercommon.R$dimen: int dialog_title_height
com.yuning.lovercommon.R$dimen: int icon_padding
com.yuning.lovercommon.R$dimen: int item_padding_left
com.yuning.lovercommon.R$dimen: int item_padding_top
com.yuning.lovercommon.R$dimen: int item_text_size
com.yuning.lovercommon.R$dimen: int layout_margin
com.yuning.lovercommon.R$dimen: int main_connect_state_text_size
com.yuning.lovercommon.R$dimen: int main_mode_layout_margin
com.yuning.lovercommon.R$dimen: int music_mode_name_text_size
com.yuning.lovercommon.R$dimen: int screen_height
com.yuning.lovercommon.R$dimen: int screen_width
com.yuning.lovercommon.R$dimen: int set_mode_item_height
com.yuning.lovercommon.R$dimen: int set_mode_item_text_size
com.yuning.lovercommon.R$dimen: int set_mode_item_text_size_small
com.yuning.lovercommon.R$dimen: int small_cell_height
com.yuning.lovercommon.R$dimen: int small_cell_width
com.yuning.lovercommon.R$dimen: int tab_height
...
com.jayqqaa12.abase.core.activity.AExpandableListAdapter
com.jayqqaa12.abase.core.activity.AExpandableListAdapter: java.lang.Class childClazz
com.jayqqaa12.abase.core.activity.AExpandableListAdapter: java.lang.Class groupClazz
com.jayqqaa12.abase.core.activity.AExpandableListAdapter: android.content.Context context
com.jayqqaa12.abase.core.activity.AExpandableListAdapter: java.util.List groups
com.jayqqaa12.abase.core.activity.AExpandableListAdapter: AExpandableListAdapter()
com.jayqqaa12.abase.core.activity.AExpandableListAdapter: AExpandableListAdapter(java.lang.Class,java.lang.Class,android.content.Context)
com.jayqqaa12.abase.core.activity.AExpandableListAdapter: void setData(java.util.List)
com.jayqqaa12.abase.core.activity.AExpandableListAdapter: int getGroupCount()
com.jayqqaa12.abase.core.activity.AExpandableListAdapter: int getChildrenCount(int)
com.jayqqaa12.abase.core.activity.AExpandableListAdapter: com.jayqqaa12.abase.model.Group getGroup(int)
com.jayqqaa12.abase.core.activity.AExpandableListAdapter: java.lang.Object getChild(int,int)
com.jayqqaa12.abase.core.activity.AExpandableListAdapter: long getGroupId(int)
com.jayqqaa12.abase.core.activity.AExpandableListAdapter: long getChildId(int,int)
com.jayqqaa12.abase.core.activity.AExpandableListAdapter: boolean hasStableIds()
com.jayqqaa12.abase.core.activity.AExpandableListAdapter: void setItemView(java.lang.Class,java.lang.Class,android.content.Context)
com.jayqqaa12.abase.core.activity.APagerAdapter
com.jayqqaa12.abase.core.activity.APagerAdapter: java.util.Map views
com.jayqqaa12.abase.core.activity.APagerAdapter: java.util.List data
com.jayqqaa12.abase.core.activity.APagerAdapter: java.lang.Class clazz
com.jayqqaa12.abase.core.activity.APagerAdapter: android.content.Context context
com.jayqqaa12.abase.core.activity.APagerAdapter: void setData(java.util.List)
com.jayqqaa12.abase.core.activity.APagerAdapter: APagerAdapter()
com.jayqqaa12.abase.core.activity.APagerAdapter: APagerAdapter(android.content.Context,java.lang.Class,java.util.List)
com.jayqqaa12.abase.core.activity.APagerAdapter: APagerAdapter(android.content.Context,java.lang.Class,java.lang.Object[])
com.jayqqaa12.abase.core.activity.APagerAdapter: void setItemView(java.lang.Class,android.content.Context)
com.jayqqaa12.abase.core.activity.APagerAdapter: APagerAdapter(java.util.Map)
com.jayqqaa12.abase.core.activity.APagerAdapter: APagerAdapter(int[])
com.jayqqaa12.abase.core.activity.APagerAdapter: APagerAdapter(android.view.View[])
com.jayqqaa12.abase.core.activity.APagerAdapter: void destroyItem(android.view.View,int,java.lang.Object)
com.jayqqaa12.abase.core.activity.APagerAdapter: java.lang.Object instantiateItem(android.view.View,int)
com.jayqqaa12.abase.core.activity.APagerAdapter: int getCount()
com.jayqqaa12.abase.core.activity.APagerAdapter: boolean isViewFromObject(android.view.View,java.lang.Object)
com.jayqqaa12.abase.core.fragment.AFragment
com.jayqqaa12.abase.core.fragment.AFragment: com.jayqqaa12.abase.core.Abus bus
com.jayqqaa12.abase.core.fragment.AFragment: boolean aleryInit
com.jayqqaa12.abase.core.fragment.AFragment: AFragment()
com.jayqqaa12.abase.core.fragment.AFragment: android.support.v4.app.Fragment newInstance(java.lang.Class)
com.jayqqaa12.abase.core.fragment.AFragment: java.util.List newInstances(java.lang.Class[])
com.jayqqaa12.abase.core.fragment.AFragment: java.util.List newInstances(java.util.List,java.lang.Class[])
com.jayqqaa12.abase.core.fragment.AFragment: android.support.v4.app.Fragment newInstance(java.lang.Class,android.os.Bundle)
com.jayqqaa12.abase.core.fragment.AFragment: void afterInject()
com.jayqqaa12.abase.core.fragment.AFragment: void afterView()
com.jayqqaa12.abase.core.fragment.AFragment: void init()
com.jayqqaa12.abase.core.fragment.AFragment: void connect()
com.jayqqaa12.abase.core.fragment.AFragment: void onDestroy()
com.jayqqaa12.abase.core.fragment.AFragment: void onDetach()