proguard/mapping.txt
com.yuning.lovercommon.R -> com.yuning.lovercommon.R:
com.yuning.lovercommon.R$anim -> com.yuning.lovercommon.R$anim:
    int ai_talk_voice_line_list -> ai_talk_voice_line_list
    int music_card_anim -> music_card_anim
com.yuning.lovercommon.R$array -> com.yuning.lovercommon.R$array:
    int asr_orders_array -> asr_orders_array
com.yuning.lovercommon.R$attr -> com.yuning.lovercommon.R$attr:
    int childSize -> childSize
    int fromDegrees -> fromDegrees
    int progressDrawable -> progressDrawable
    int thumb -> thumb
    int toDegrees -> toDegrees
com.yuning.lovercommon.R$color -> com.yuning.lovercommon.R$color:
    int ai_talk_stop_text_color_normal -> ai_talk_stop_text_color_normal
    int black -> black
    int blue -> blue
    int class_mode_text -> class_mode_text
    int content_color -> content_color
    int custom_draw_mode_text_color -> custom_draw_mode_text_color
    int dance_help_color -> dance_help_color
    int dark_grey -> dark_grey
    int deep_pink -> deep_pink
    int fw_update_btn_color -> fw_update_btn_color
    int fw_update_help_color -> fw_update_help_color
    int gray -> gray
    int grey -> grey
    int item_text_color -> item_text_color
    int list_backgroud_color -> list_backgroud_color
    int password_disable -> password_disable
    int password_enalbe -> password_enalbe
    int pink -> pink
    int pink_tips -> pink_tips
    int set_mode_item_text_color -> set_mode_item_text_color
    int shopping_text -> shopping_text
    int title_color -> title_color
    int trans -> trans
    int trans_dark_grey -> trans_dark_grey
    int trans_white -> trans_white
    int video_mode_list_item_color -> video_mode_list_item_color
    int voice_ctr_help_color -> voice_ctr_help_color
    int white -> white
    int zhendong_custom_help_color -> zhendong_custom_help_color
com.yuning.lovercommon.R$dimen -> com.yuning.lovercommon.R$dimen:
    int activity_horizontal_margin -> activity_horizontal_margin
    int activity_vertical_margin -> activity_vertical_margin
    int ai_talk_text_margin -> ai_talk_text_margin
    int arc_menu_child_size -> arc_menu_child_size
    int battery_mode_item_text_size -> battery_mode_item_text_size
    int big_cell_height -> big_cell_height
    int big_cell_width -> big_cell_width
    int custom_draw_mode_text_size -> custom_draw_mode_text_size
    int dance_mode_help_text_size -> dance_mode_help_text_size
    int dialog_title_height -> dialog_title_height
    int icon_padding -> icon_padding
    int item_padding_left -> item_padding_left
    int item_padding_top -> item_padding_top
    int item_text_size -> item_text_size
    int layout_margin -> layout_margin
    int main_connect_state_text_size -> main_connect_state_text_size
    int main_mode_layout_margin -> main_mode_layout_margin
    int music_mode_name_text_size -> music_mode_name_text_size
    int screen_height -> screen_height
    int screen_width -> screen_width
    int set_mode_item_height -> set_mode_item_height
    int set_mode_item_text_size -> set_mode_item_text_size
    int set_mode_item_text_size_small -> set_mode_item_text_size_small
    int small_cell_height -> small_cell_height
    int small_cell_width -> small_cell_width
    int tab_height -> tab_height
    int tab_icon_text_size -> tab_icon_text_size
...
com.bairuitech.anychat.AnyChatDefine -> com.bairuitech.anychat.AnyChatDefine:
    int WM_GV -> WM_GV
    int WM_GV_CONNECT -> WM_GV_CONNECT
    int WM_GV_LOGINSYSTEM -> WM_GV_LOGINSYSTEM
    int WM_GV_ENTERROOM -> WM_GV_ENTERROOM
    int WM_GV_MICSTATECHANGE -> WM_GV_MICSTATECHANGE
    int WM_GV_USERATROOM -> WM_GV_USERATROOM
    int WM_GV_LINKCLOSE -> WM_GV_LINKCLOSE
    int WM_GV_ONLINEUSER -> WM_GV_ONLINEUSER
    int WM_GV_CAMERASTATE -> WM_GV_CAMERASTATE
    int WM_GV_CHATMODECHG -> WM_GV_CHATMODECHG
    int WM_GV_ACTIVESTATE -> WM_GV_ACTIVESTATE
    int WM_GV_P2PCONNECTSTATE -> WM_GV_P2PCONNECTSTATE
    int WM_GV_VIDEOSIZECHG -> WM_GV_VIDEOSIZECHG
    int WM_GV_USERINFOUPDATE -> WM_GV_USERINFOUPDATE
    int WM_GV_FRIENDSTATUS -> WM_GV_FRIENDSTATUS
    int WM_GV_PRIVATEREQUEST -> WM_GV_PRIVATEREQUEST
    int WM_GV_PRIVATEECHO -> WM_GV_PRIVATEECHO
    int WM_GV_PRIVATEEXIT -> WM_GV_PRIVATEEXIT
    int WM_GV_AUDIOPLAYCTRL -> WM_GV_AUDIOPLAYCTRL
    int WM_GV_AUDIORECCTRL -> WM_GV_AUDIORECCTRL
    int WM_GV_VIDEOCAPCTRL -> WM_GV_VIDEOCAPCTRL
    int BRAC_PIX_FMT_RGB24 -> BRAC_PIX_FMT_RGB24
    int BRAC_PIX_FMT_RGB32 -> BRAC_PIX_FMT_RGB32
    int BRAC_PIX_FMT_YV12 -> BRAC_PIX_FMT_YV12
    int BRAC_PIX_FMT_YUY2 -> BRAC_PIX_FMT_YUY2
    int BRAC_PIX_FMT_YUV420P -> BRAC_PIX_FMT_YUV420P
    int BRAC_PIX_FMT_RGB565 -> BRAC_PIX_FMT_RGB565
    int BRAC_PIX_FMT_RGB555 -> BRAC_PIX_FMT_RGB555
    int BRAC_PIX_FMT_NV12 -> BRAC_PIX_FMT_NV12
    int BRAC_PIX_FMT_NV21 -> BRAC_PIX_FMT_NV21
com.bairuitech.anychat.AnyChatOrientationEventListener -> com.bairuitech.anychat.AnyChatOrientationEventListener:
    void onOrientationChanged(int) -> onOrientationChanged
com.bairuitech.anychat.AnyChatOutParam -> com.bairuitech.anychat.AnyChatOutParam:
    int iValue -> iValue
    java.lang.String szValue -> szValue
    int[] intArray -> intArray
    byte[] byteArray -> byteArray
    double fValue -> fValue
    int GetIntValue() -> GetIntValue
    void SetIntValue(int) -> SetIntValue
    double GetFloatValue() -> GetFloatValue
    void SetFloatValue(double) -> SetFloatValue
    java.lang.String GetStrValue() -> GetStrValue
    void SetStrValue(java.lang.String) -> SetStrValue
    int[] GetIntArray() -> GetIntArray
    void SetIntArray(int[]) -> SetIntArray
    byte[] GetByteArray() -> GetByteArray
    void SetByteArray(byte[]) -> SetByteArray
com.bairuitech.anychat.AnyChatPrivateChatEvent -> com.bairuitech.anychat.AnyChatPrivateChatEvent:
    void OnAnyChatPrivateRequestMessage(int,int) -> OnAnyChatPrivateRequestMessage
    void OnAnyChatPrivateEchoMessage(int,int) -> OnAnyChatPrivateEchoMessage
    void OnAnyChatPrivateExitMessage(int,int) -> OnAnyChatPrivateExitMessage
com.bairuitech.anychat.AnyChatRecordEvent -> com.bairuitech.anychat.AnyChatRecordEvent:
    void OnAnyChatRecordEvent(int,java.lang.String,int,int,int,java.lang.String) -> OnAnyChatRecordEvent
    void OnAnyChatSnapShotEvent(int,java.lang.String,int,int,java.lang.String) -> OnAnyChatSnapShotEvent
com.bairuitech.anychat.AnyChatSensorHelper -> com.bairuitech.anychat.AnyChatSensorHelper:
    com.bairuitech.anychat.AnyChatOrientationEventListener orientationListener -> orientationListener
    float LastXSpead -> LastXSpead
    float LastYSpead -> LastYSpead
    float LastZSpead -> LastZSpead
    boolean bCameraNeedFocus -> bCameraNeedFocus
    java.util.Date LastSportTime -> LastSportTime
    void InitSensor(android.content.Context) -> InitSensor
    void DestroySensor() -> DestroySensor
    void onAccuracyChanged(android.hardware.Sensor,int) -> onAccuracyChanged
    void onSensorChanged(android.hardware.SensorEvent) -> onSensorChanged